<?xml version="1.0" encoding="UTF-8"?>
<testng-results skipped="0" failed="0" ignored="0" total="1" passed="1">
  <reporter-output>
  </reporter-output>
  <suite name="Default suite" duration-ms="39313" started-at="2020-04-04T19:35:58 IST" finished-at="2020-04-04T19:36:38 IST">
    <groups>
    </groups>
    <test name="Default test" duration-ms="39313" started-at="2020-04-04T19:35:58 IST" finished-at="2020-04-04T19:36:38 IST">
      <class name="testcases.TC_LogOutTest_003">
        <test-method status="PASS" signature="setup()[pri:0, instance:testcases.TC_LogOutTest_003@5f3a4b84]" name="setup" is-config="true" duration-ms="10402" started-at="2020-04-04T19:35:58 IST" finished-at="2020-04-04T19:36:09 IST">
          <reporter-output>
          </reporter-output>
        </test-method> <!-- setup -->
        <test-method status="PASS" signature="lgoutpagetest()[pri:0, instance:testcases.TC_LogOutTest_003@5f3a4b84]" name="lgoutpagetest" duration-ms="28177" started-at="2020-04-04T19:36:09 IST" finished-at="2020-04-04T19:36:37 IST">
          <reporter-output>
          </reporter-output>
        </test-method> <!-- lgoutpagetest -->
        <test-method status="PASS" signature="tearDown()[pri:0, instance:testcases.TC_LogOutTest_003@5f3a4b84]" name="tearDown" is-config="true" duration-ms="671" started-at="2020-04-04T19:36:37 IST" finished-at="2020-04-04T19:36:38 IST">
          <reporter-output>
          </reporter-output>
        </test-method> <!-- tearDown -->
      </class> <!-- testcases.TC_LogOutTest_003 -->
    </test> <!-- Default test -->
  </suite> <!-- Default suite -->
</testng-results>
